Arguments: 
  /usr/local/bin/node /usr/share/yarn/bin/yarn.js install

PATH: 
  /home/tunh/bin:/usr/local/sbin:/usr/local/bin:/usr/sbin:/usr/bin:/sbin:/bin:/usr/games:/usr/local/games:/snap/bin

Yarn version: 
  1.22.4

Node version: 
  10.17.0

Platform: 
  linux x64

Trace: 
  Error: https://registry.yarnpkg.com/@conbee%2fgrpc-adapter: Not found
      at Request.params.callback [as _callback] (/usr/share/yarn/lib/cli.js:66987:18)
      at Request.self.callback (/usr/share/yarn/lib/cli.js:140748:22)
      at Request.emit (events.js:198:13)
      at Request.<anonymous> (/usr/share/yarn/lib/cli.js:141720:10)
      at Request.emit (events.js:198:13)
      at IncomingMessage.<anonymous> (/usr/share/yarn/lib/cli.js:141642:12)
      at Object.onceWrapper (events.js:286:20)
      at IncomingMessage.emit (events.js:203:15)
      at endReadableNT (_stream_readable.js:1143:12)
      at process._tickCallback (internal/process/next_tick.js:63:19)

npm manifest: 
  {
    "name": "@conbee/api-gateway",
    "version": "1.0.0",
    "license": "MIT",
    "scripts": {
      "build": "tsc -p tsconfig.json",
      "start": "node dist/main",
      "dev": "nodemon"
    },
    "nodemonConfig": {
      "ignore": [
        "**/*.test.ts",
        "**/*.spec.ts",
        ".git",
        "node_modules"
      ],
      "watch": [
        "src"
      ],
      "exec": "ts-node src/main",
      "ext": "ts"
    },
    "dependencies": {
      "@conbee/grpc-adapter": "^1.0.0",
      "@conbee/helpers": "^1.0.0",
      "ajv": "^6.12.0",
      "better-npm-run": "^0.1.1",
      "body-parser": "^1.19.0",
      "class-transformer": "^0.2.3",
      "class-validator": "^0.11.0",
      "cors": "^2.8.5",
      "express": "^4.17.1",
      "fancy-log": "^1.3.3",
      "jsonfile": "^6.0.1",
      "lodash": "^4.17.15",
      "passport": "^0.4.1",
      "passport-jwt": "^4.0.0",
      "passport-local": "^1.0.0"
    },
    "peerDependencies": {
      "inferno": "5"
    },
    "devDependencies": {
      "@types/ajv": "^1.0.0",
      "@types/body-parser": "^1.19.0",
      "@types/express": "^4.17.3",
      "@types/fancy-log": "^1.3.1",
      "@types/jsonfile": "^5.0.0",
      "@types/lodash": "^4.14.149",
      "@types/passport": "^1.0.3",
      "@types/passport-jwt": "^3.0.3",
      "@types/passport-local": "^1.0.33",
      "nodemon": "^2.0.2",
      "ts-node": "^8.6.2",
      "typescript": "^3.8.3"
    }
  }

yarn manifest: 
  No manifest

Lockfile: 
  No lockfile
